2019-07-08 21:41:00.855 parsl.dataflow.dflow:80 [DEBUG]  Starting DataFlowKernel with config
Config(
    app_cache=True, 
    checkpoint_files=None, 
    checkpoint_mode=None, 
    checkpoint_period=None, 
    data_management_max_threads=10, 
    executors=[IPyParallelExecutor(
        container_image=None, 
        controller=Controller(
            interfaces=None, 
            ipython_dir='~/.ipython', 
            log=True, 
            mode='auto', 
            port=None, 
            port_range=None, 
            profile='default', 
            public_ip=None, 
            reuse=False
        ), 
        engine_debug_level=None, 
        engine_dir=None, 
        label='ipp', 
        managed=True, 
        provider=AzureProvider(
            group_name='parsl.auto', 
            init_blocks=1, 
            key_file='azure_keys.json', 
            key_name=None, 
            launcher=SingleNodeLauncher(), 
            linger=False, 
            location='westus', 
            max_blocks=10, 
            min_blocks=0, 
            parallelism=1, 
            vm_reference={'publisher': 'Canonical', 'offer': 'UbuntuServer', 'sku': '16.04.0-LTS', 'version': 'latest', 'vm_size': 'Standard_DS1_v2', 'disk_size_gb': 10, 'admin_username': 'parsl.auto.admin', 'password': '@@86*worth*TRUST*problem*69@@'}, 
            vnet_name='parsl.auto', 
            worker_init=''
        ), 
        storage_access=[], 
        workers_per_node=1, 
        working_dir=None
    )], 
    lazy_errors=True, 
    monitoring=None, 
    retries=0, 
    run_dir='runinfo', 
    strategy='simple', 
    usage_tracking=False
)
2019-07-08 21:41:00.855 parsl.dataflow.dflow:81 [INFO]  Parsl version: 0.8.0
2019-07-08 21:41:00.856 parsl.dataflow.usage_tracking.usage:126 [DEBUG]  Tracking status: False
2019-07-08 21:41:00.856 parsl.dataflow.usage_tracking.usage:127 [DEBUG]  Testing mode   : False
2019-07-08 21:41:00.856 parsl.dataflow.dflow:107 [INFO]  Run id is: 7758e1ba-437e-44db-ac8f-2dd49311ef0b
2019-07-08 21:41:01.026 parsl.dataflow.memoization:52 [INFO]  App caching initialized
2019-07-08 21:41:01.027 parsl.executors.ipp_controller:99 [DEBUG]  Starting ipcontroller with 'ipcontroller --ipython-dir=/Users/ben/Desktop/parsl-azure-provider/runinfo/017 --ip=* --profile=ipp   '
2019-07-08 21:41:02.236 parsl.executors.ipp:107 [DEBUG]  Waiting for /Users/ben/Desktop/parsl-azure-provider/runinfo/017/profile_ipp/security/ipcontroller-client.json
2019-07-08 21:41:02.270 parsl.executors.ipp:123 [DEBUG]  Starting IPyParallelExecutor with provider:
AzureProvider(
    group_name='parsl.auto', 
    init_blocks=1, 
    key_file='azure_keys.json', 
    key_name=None, 
    launcher=SingleNodeLauncher(), 
    linger=False, 
    location='westus', 
    max_blocks=10, 
    min_blocks=0, 
    parallelism=1, 
    vm_reference={'publisher': 'Canonical', 'offer': 'UbuntuServer', 'sku': '16.04.0-LTS', 'version': 'latest', 'vm_size': 'Standard_DS1_v2', 'disk_size_gb': 10, 'admin_username': 'parsl.auto.admin', 'password': '@@86*worth*TRUST*problem*69@@'}, 
    vnet_name='parsl.auto', 
    worker_init=''
)
2019-07-08 21:41:03.469 parsl.providers.azure.azure:218 [INFO]  Creating NIC
2019-07-08 21:41:03.469 parsl.providers.azure.azure:370 [INFO]  Creating (or updating) Vnet
2019-07-08 21:41:03.823 parsl.providers.azure.azure:385 [INFO]  Found Existing Vnet. Proceeding.
2019-07-08 21:41:03.823 parsl.providers.azure.azure:393 [INFO]  Creating (or updating) Subnet
2019-07-08 21:41:04.456 parsl.providers.azure.azure:406 [INFO]  Found Existing Subnet. Proceeding.
2019-07-08 21:41:04.456 parsl.providers.azure.azure:410 [INFO]  Creating (or updating) NIC
2019-07-08 21:41:36.767 parsl.providers.azure.azure:228 [INFO]  Creating Linux Virtual Machine
2019-07-08 21:42:18.922 parsl.providers.azure.azure:467 [INFO]  Create (empty) managed Data Disk
2019-07-08 21:42:50.515 parsl.providers.azure.azure:244 [DEBUG]  Started instance_id: /subscriptions/2232146b-0836-4a1e-89eb-dc32054d9a03/resourceGroups/parsl.auto/providers/Microsoft.Compute/virtualMachines/parsl.auto.1562640096.767277
2019-07-08 21:43:32.898 parsl.providers.azure.azure:276 [DEBUG]  attempting to connect instance to Parsl master
2019-07-08 21:43:33.195 parsl.executors.ipp:242 [DEBUG]  Launched block 0:parsl.auto.1562640096.767277
2019-07-08 21:43:33.195 parsl.executors.ipp:249 [ERROR]  No execution provider available
2019-07-08 21:43:33.196 parsl.executors.ipp:132 [DEBUG]  Starting executor
2019-07-08 21:43:33.196 parsl.dataflow.strategy:125 [DEBUG]  Scaling strategy: simple
2019-07-08 21:43:33.197 parsl.dataflow.dflow:694 [INFO]  Task 0 submitted for App double, waiting on tasks []
2019-07-08 21:43:33.197 parsl.dataflow.dflow:704 [DEBUG]  Task 0 set to pending state with AppFuture: <AppFuture super=<AppFuture at 0x112f276d8 state=pending> parent=None>
2019-07-08 21:43:33.247 parsl.dataflow.dflow:470 [INFO]  Task 0 launched on executor ipp
2019-07-08 21:43:34.197 parsl.providers.azure.azure:300 [INFO]  List VMs in resource group
2019-07-08 21:43:34.510 parsl.dataflow.strategy:204 [DEBUG]  Executor ipp has 1 active tasks, 1/0/0 running/submitted/pending blocks, and 0 connected workers
2019-07-08 21:43:39.198 parsl.providers.azure.azure:300 [INFO]  List VMs in resource group
2019-07-08 21:43:39.448 parsl.dataflow.strategy:204 [DEBUG]  Executor ipp has 1 active tasks, 1/0/0 running/submitted/pending blocks, and 0 connected workers
2019-07-08 21:43:44.201 parsl.providers.azure.azure:300 [INFO]  List VMs in resource group
2019-07-08 21:43:44.430 parsl.dataflow.strategy:204 [DEBUG]  Executor ipp has 1 active tasks, 1/0/0 running/submitted/pending blocks, and 0 connected workers
2019-07-08 21:43:47.593 parsl.dataflow.dflow:831 [INFO]  DFK cleanup initiated
2019-07-08 21:43:47.593 parsl.dataflow.dflow:740 [INFO]  Summary of tasks in DFK:
2019-07-08 21:43:47.593 parsl.dataflow.dflow:771 [INFO]  Tasks in state States.launched: 0
2019-07-08 21:43:47.593 parsl.dataflow.dflow:778 [INFO]  End of summary
2019-07-08 21:43:47.593 parsl.dataflow.dflow:855 [INFO]  Terminating flow_control and strategy threads
2019-07-08 21:43:47.594 parsl.providers.azure.azure:300 [INFO]  List VMs in resource group
2019-07-08 21:43:47.808 parsl.providers.azure.azure:332 [DEBUG]  Delete VM parsl.auto.1562640096.767277
