2019-07-07 17:07:09.477 parsl.dataflow.dflow:80 [DEBUG]  Starting DataFlowKernel with config
Config(
    app_cache=True, 
    checkpoint_files=None, 
    checkpoint_mode=None, 
    checkpoint_period=None, 
    data_management_max_threads=10, 
    executors=[HighThroughputExecutor(
        address='127.0.0.1', 
        cores_per_worker=1.0, 
        heartbeat_period=30, 
        heartbeat_threshold=120, 
        interchange_port_range=(55000, 56000), 
        label='HighThroughputExecutor', 
        launch_cmd='process_worker_pool.py {debug} {max_workers} -p {prefetch_capacity} -c {cores_per_worker} -m {mem_per_worker} --poll {poll_period} --task_url={task_url} --result_url={result_url} --logdir={logdir} --block_id={{block_id}} --hb_period={heartbeat_period} --hb_threshold={heartbeat_threshold} ', 
        managed=True, 
        max_workers=inf, 
        mem_per_worker=None, 
        poll_period=10, 
        prefetch_capacity=0, 
        provider=AzureProvider(
            group_name='parsl.auto', 
            init_blocks=1, 
            key_file='azure_keys.json', 
            key_name=None, 
            launcher=SingleNodeLauncher(), 
            linger=False, 
            location='westus', 
            max_blocks=10, 
            min_blocks=0, 
            nodes_per_block=1, 
            parallelism=1, 
            vm_reference={'publisher': 'Canonical', 'offer': 'UbuntuServer', 'sku': '16.04.0-LTS', 'version': 'latest', 'vm_size': 'Standard_DS1_v2', 'disk_size_gb': 10, 'admin_username': 'parsl.auto.admin', 'password': '@@86*worth*TRUST*problem*69@@'}, 
            vnet_name='parsl.auto', 
            walltime='01:00:00', 
            worker_init=''
        ), 
        storage_access=[], 
        suppress_failure=False, 
        worker_debug=False, 
        worker_logdir_root=None, 
        worker_port_range=(54000, 55000), 
        worker_ports=None, 
        working_dir=None
    )], 
    lazy_errors=True, 
    monitoring=None, 
    retries=0, 
    run_dir='runinfo', 
    strategy='simple', 
    usage_tracking=False
)
2019-07-07 17:07:09.477 parsl.dataflow.dflow:81 [INFO]  Parsl version: 0.8.0
2019-07-07 17:07:09.477 parsl.dataflow.usage_tracking.usage:126 [DEBUG]  Tracking status: False
2019-07-07 17:07:09.477 parsl.dataflow.usage_tracking.usage:127 [DEBUG]  Testing mode   : False
2019-07-07 17:07:09.478 parsl.dataflow.dflow:107 [INFO]  Run id is: 0adb0244-9354-4b2d-89ca-adc1eb3be15b
2019-07-07 17:07:09.652 parsl.dataflow.memoization:52 [INFO]  App caching initialized
2019-07-07 17:07:09.653 parsl.executors.high_throughput.executor:434 [DEBUG]  Starting queue management thread
2019-07-07 17:07:09.653 parsl.executors.high_throughput.executor:309 [DEBUG]  [MTHREAD] queue management worker starting
2019-07-07 17:07:09.653 parsl.executors.high_throughput.executor:438 [DEBUG]  Started queue management thread
2019-07-07 17:07:09.669 parsl.executors.high_throughput.executor:268 [DEBUG]  Created management thread: <Thread(Thread-1, started daemon 123145484845056)>
2019-07-07 17:07:09.670 parsl.executors.high_throughput.executor:242 [DEBUG]  Launch command: process_worker_pool.py   -p 0 -c 1.0 -m None --poll 10 --task_url=tcp://127.0.0.1:54729 --result_url=tcp://127.0.0.1:54806 --logdir=/Users/ben/Desktop/parsl-azure-provider/runinfo/001/HighThroughputExecutor --block_id={block_id} --hb_period=30 --hb_threshold=120 
2019-07-07 17:07:09.670 parsl.executors.high_throughput.executor:245 [DEBUG]  Starting HighThroughputExecutor with provider:
AzureProvider(
    group_name='parsl.auto', 
    init_blocks=1, 
    key_file='azure_keys.json', 
    key_name=None, 
    launcher=SingleNodeLauncher(), 
    linger=False, 
    location='westus', 
    max_blocks=10, 
    min_blocks=0, 
    nodes_per_block=1, 
    parallelism=1, 
    vm_reference={'publisher': 'Canonical', 'offer': 'UbuntuServer', 'sku': '16.04.0-LTS', 'version': 'latest', 'vm_size': 'Standard_DS1_v2', 'disk_size_gb': 10, 'admin_username': 'parsl.auto.admin', 'password': '@@86*worth*TRUST*problem*69@@'}, 
    vnet_name='parsl.auto', 
    walltime='01:00:00', 
    worker_init=''
)
2019-07-07 17:07:11.317 parsl.providers.azure.azure:229 [INFO]  
Creating NIC
2019-07-07 17:07:11.317 parsl.providers.azure.azure:373 [INFO]  
Creating (or updating) Vnet
2019-07-07 17:07:11.880 parsl.providers.azure.azure:386 [INFO]  Found Existing Vnet. Proceeding.
2019-07-07 17:07:11.880 parsl.providers.azure.azure:393 [INFO]  
Creating (or updating) Subnet
2019-07-07 17:07:12.981 parsl.providers.azure.azure:406 [INFO]  Found Existing Subnet. Proceeding.
2019-07-07 17:07:12.981 parsl.providers.azure.azure:409 [INFO]  
Creating (or updating) NIC
2019-07-07 17:07:45.403 parsl.providers.azure.azure:240 [INFO]  
Creating Linux Virtual Machine
2019-07-07 17:08:58.972 parsl.providers.azure.azure:478 [INFO]  
Create (empty) managed Data Disk
2019-07-07 17:09:32.184 parsl.providers.azure.azure:257 [DEBUG]  Started instance_id: /subscriptions/2232146b-0836-4a1e-89eb-dc32054d9a03/resourceGroups/parsl.auto/providers/Microsoft.Compute/virtualMachines/parsl.auto.1562537265.4042912
2019-07-07 17:10:15.578 parsl.executors.high_throughput.executor:551 [DEBUG]  Launched block 0->parsl.auto.1562537265.4042912
2019-07-07 17:10:15.578 parsl.dataflow.strategy:125 [DEBUG]  Scaling strategy: simple
2019-07-07 17:10:15.580 parsl.dataflow.dflow:694 [INFO]  Task 0 submitted for App double, waiting on tasks []
2019-07-07 17:10:15.580 parsl.dataflow.dflow:704 [DEBUG]  Task 0 set to pending state with AppFuture: <AppFuture super=<AppFuture at 0x110a2e358 state=pending> parent=None>
2019-07-07 17:10:15.580 parsl.executors.high_throughput.executor:518 [DEBUG]  Pushing function <function double at 0x1103f59d8> to queue with args (10,)
2019-07-07 17:10:15.645 parsl.dataflow.dflow:470 [INFO]  Task 0 launched on executor HighThroughputExecutor
2019-07-07 17:10:16.581 parsl.providers.azure.azure:303 [INFO]  
List VMs in resource group
2019-07-07 17:10:17.344 parsl.dataflow.strategy:204 [DEBUG]  Executor HighThroughputExecutor has 1 active tasks, 1/0/0 running/submitted/pending blocks, and 0 connected workers
2019-07-07 17:10:21.583 parsl.providers.azure.azure:303 [INFO]  
List VMs in resource group
2019-07-07 17:10:21.997 parsl.dataflow.strategy:204 [DEBUG]  Executor HighThroughputExecutor has 1 active tasks, 1/0/0 running/submitted/pending blocks, and 0 connected workers
2019-07-07 17:10:26.586 parsl.providers.azure.azure:303 [INFO]  
List VMs in resource group
2019-07-07 17:10:27.153 parsl.dataflow.strategy:204 [DEBUG]  Executor HighThroughputExecutor has 1 active tasks, 1/0/0 running/submitted/pending blocks, and 0 connected workers
2019-07-07 17:10:31.589 parsl.providers.azure.azure:303 [INFO]  
List VMs in resource group
2019-07-07 17:10:32.275 parsl.dataflow.strategy:204 [DEBUG]  Executor HighThroughputExecutor has 1 active tasks, 1/0/0 running/submitted/pending blocks, and 0 connected workers
2019-07-07 17:10:36.594 parsl.providers.azure.azure:303 [INFO]  
List VMs in resource group
2019-07-07 17:10:37.064 parsl.dataflow.strategy:204 [DEBUG]  Executor HighThroughputExecutor has 1 active tasks, 1/0/0 running/submitted/pending blocks, and 0 connected workers
2019-07-07 17:10:41.597 parsl.providers.azure.azure:303 [INFO]  
List VMs in resource group
2019-07-07 17:10:41.946 parsl.dataflow.strategy:204 [DEBUG]  Executor HighThroughputExecutor has 1 active tasks, 1/0/0 running/submitted/pending blocks, and 0 connected workers
2019-07-07 17:10:46.601 parsl.providers.azure.azure:303 [INFO]  
List VMs in resource group
2019-07-07 17:10:47.078 parsl.dataflow.strategy:204 [DEBUG]  Executor HighThroughputExecutor has 1 active tasks, 1/0/0 running/submitted/pending blocks, and 0 connected workers
2019-07-07 17:10:51.601 parsl.providers.azure.azure:303 [INFO]  
List VMs in resource group
2019-07-07 17:10:52.061 parsl.dataflow.strategy:204 [DEBUG]  Executor HighThroughputExecutor has 1 active tasks, 1/0/0 running/submitted/pending blocks, and 0 connected workers
2019-07-07 17:10:56.605 parsl.providers.azure.azure:303 [INFO]  
List VMs in resource group
2019-07-07 17:10:57.380 parsl.dataflow.strategy:204 [DEBUG]  Executor HighThroughputExecutor has 1 active tasks, 1/0/0 running/submitted/pending blocks, and 0 connected workers
2019-07-07 17:11:01.611 parsl.providers.azure.azure:303 [INFO]  
List VMs in resource group
2019-07-07 17:11:02.438 parsl.dataflow.strategy:204 [DEBUG]  Executor HighThroughputExecutor has 1 active tasks, 1/0/0 running/submitted/pending blocks, and 0 connected workers
2019-07-07 17:11:06.613 parsl.providers.azure.azure:303 [INFO]  
List VMs in resource group
2019-07-07 17:11:06.992 parsl.dataflow.strategy:204 [DEBUG]  Executor HighThroughputExecutor has 1 active tasks, 1/0/0 running/submitted/pending blocks, and 0 connected workers
2019-07-07 17:11:11.613 parsl.providers.azure.azure:303 [INFO]  
List VMs in resource group
2019-07-07 17:11:12.078 parsl.dataflow.strategy:204 [DEBUG]  Executor HighThroughputExecutor has 1 active tasks, 1/0/0 running/submitted/pending blocks, and 0 connected workers
2019-07-07 17:11:16.616 parsl.providers.azure.azure:303 [INFO]  
List VMs in resource group
2019-07-07 17:11:17.130 parsl.dataflow.strategy:204 [DEBUG]  Executor HighThroughputExecutor has 1 active tasks, 1/0/0 running/submitted/pending blocks, and 0 connected workers
2019-07-07 17:11:21.620 parsl.providers.azure.azure:303 [INFO]  
List VMs in resource group
2019-07-07 17:11:25.089 parsl.dataflow.strategy:204 [DEBUG]  Executor HighThroughputExecutor has 1 active tasks, 1/0/0 running/submitted/pending blocks, and 0 connected workers
2019-07-07 17:11:26.620 parsl.providers.azure.azure:303 [INFO]  
List VMs in resource group
2019-07-07 17:11:26.970 parsl.dataflow.strategy:204 [DEBUG]  Executor HighThroughputExecutor has 1 active tasks, 1/0/0 running/submitted/pending blocks, and 0 connected workers
2019-07-07 17:11:31.621 parsl.providers.azure.azure:303 [INFO]  
List VMs in resource group
2019-07-07 17:11:31.968 parsl.dataflow.strategy:204 [DEBUG]  Executor HighThroughputExecutor has 1 active tasks, 1/0/0 running/submitted/pending blocks, and 0 connected workers
2019-07-07 17:11:36.626 parsl.providers.azure.azure:303 [INFO]  
List VMs in resource group
2019-07-07 17:11:38.012 parsl.dataflow.strategy:204 [DEBUG]  Executor HighThroughputExecutor has 1 active tasks, 1/0/0 running/submitted/pending blocks, and 0 connected workers
2019-07-07 17:11:41.627 parsl.providers.azure.azure:303 [INFO]  
List VMs in resource group
2019-07-07 17:11:41.949 parsl.dataflow.strategy:204 [DEBUG]  Executor HighThroughputExecutor has 1 active tasks, 1/0/0 running/submitted/pending blocks, and 0 connected workers
2019-07-07 17:11:46.629 parsl.providers.azure.azure:303 [INFO]  
List VMs in resource group
2019-07-07 17:11:48.382 parsl.dataflow.strategy:204 [DEBUG]  Executor HighThroughputExecutor has 1 active tasks, 1/0/0 running/submitted/pending blocks, and 0 connected workers
2019-07-07 17:11:51.633 parsl.providers.azure.azure:303 [INFO]  
List VMs in resource group
2019-07-07 17:11:52.086 parsl.dataflow.strategy:204 [DEBUG]  Executor HighThroughputExecutor has 1 active tasks, 1/0/0 running/submitted/pending blocks, and 0 connected workers
2019-07-07 17:11:56.637 parsl.providers.azure.azure:303 [INFO]  
List VMs in resource group
2019-07-07 17:11:57.075 parsl.dataflow.strategy:204 [DEBUG]  Executor HighThroughputExecutor has 1 active tasks, 1/0/0 running/submitted/pending blocks, and 0 connected workers
2019-07-07 17:12:01.641 parsl.providers.azure.azure:303 [INFO]  
List VMs in resource group
2019-07-07 17:12:02.365 parsl.dataflow.strategy:204 [DEBUG]  Executor HighThroughputExecutor has 1 active tasks, 1/0/0 running/submitted/pending blocks, and 0 connected workers
2019-07-07 17:12:06.641 parsl.providers.azure.azure:303 [INFO]  
List VMs in resource group
2019-07-07 17:12:07.525 parsl.dataflow.strategy:204 [DEBUG]  Executor HighThroughputExecutor has 1 active tasks, 1/0/0 running/submitted/pending blocks, and 0 connected workers
2019-07-07 17:12:11.643 parsl.providers.azure.azure:303 [INFO]  
List VMs in resource group
2019-07-07 17:12:12.012 parsl.dataflow.strategy:204 [DEBUG]  Executor HighThroughputExecutor has 1 active tasks, 1/0/0 running/submitted/pending blocks, and 0 connected workers
2019-07-07 17:12:16.645 parsl.providers.azure.azure:303 [INFO]  
List VMs in resource group
2019-07-07 17:12:18.049 parsl.dataflow.strategy:204 [DEBUG]  Executor HighThroughputExecutor has 1 active tasks, 1/0/0 running/submitted/pending blocks, and 0 connected workers
2019-07-07 17:12:21.648 parsl.providers.azure.azure:303 [INFO]  
List VMs in resource group
2019-07-07 17:12:22.820 parsl.dataflow.strategy:204 [DEBUG]  Executor HighThroughputExecutor has 1 active tasks, 1/0/0 running/submitted/pending blocks, and 0 connected workers
2019-07-07 17:12:26.650 parsl.providers.azure.azure:303 [INFO]  
List VMs in resource group
2019-07-07 17:12:27.088 parsl.dataflow.strategy:204 [DEBUG]  Executor HighThroughputExecutor has 1 active tasks, 1/0/0 running/submitted/pending blocks, and 0 connected workers
2019-07-07 17:12:31.650 parsl.providers.azure.azure:303 [INFO]  
List VMs in resource group
2019-07-07 17:12:32.059 parsl.dataflow.strategy:204 [DEBUG]  Executor HighThroughputExecutor has 1 active tasks, 1/0/0 running/submitted/pending blocks, and 0 connected workers
2019-07-07 17:12:36.654 parsl.providers.azure.azure:303 [INFO]  
List VMs in resource group
2019-07-07 17:12:37.133 parsl.dataflow.strategy:204 [DEBUG]  Executor HighThroughputExecutor has 1 active tasks, 1/0/0 running/submitted/pending blocks, and 0 connected workers
2019-07-07 17:12:41.655 parsl.providers.azure.azure:303 [INFO]  
List VMs in resource group
2019-07-07 17:12:42.315 parsl.dataflow.strategy:204 [DEBUG]  Executor HighThroughputExecutor has 1 active tasks, 1/0/0 running/submitted/pending blocks, and 0 connected workers
2019-07-07 17:12:46.658 parsl.providers.azure.azure:303 [INFO]  
List VMs in resource group
2019-07-07 17:12:47.069 parsl.dataflow.strategy:204 [DEBUG]  Executor HighThroughputExecutor has 1 active tasks, 1/0/0 running/submitted/pending blocks, and 0 connected workers
2019-07-07 17:12:51.661 parsl.providers.azure.azure:303 [INFO]  
List VMs in resource group
2019-07-07 17:12:54.138 parsl.dataflow.strategy:204 [DEBUG]  Executor HighThroughputExecutor has 1 active tasks, 1/0/0 running/submitted/pending blocks, and 0 connected workers
2019-07-07 17:12:56.665 parsl.providers.azure.azure:303 [INFO]  
List VMs in resource group
2019-07-07 17:12:57.139 parsl.dataflow.strategy:204 [DEBUG]  Executor HighThroughputExecutor has 1 active tasks, 1/0/0 running/submitted/pending blocks, and 0 connected workers
2019-07-07 17:13:01.667 parsl.providers.azure.azure:303 [INFO]  
List VMs in resource group
2019-07-07 17:13:02.048 parsl.dataflow.strategy:204 [DEBUG]  Executor HighThroughputExecutor has 1 active tasks, 1/0/0 running/submitted/pending blocks, and 0 connected workers
2019-07-07 17:13:06.669 parsl.providers.azure.azure:303 [INFO]  
List VMs in resource group
2019-07-07 17:13:07.122 parsl.dataflow.strategy:204 [DEBUG]  Executor HighThroughputExecutor has 1 active tasks, 1/0/0 running/submitted/pending blocks, and 0 connected workers
2019-07-07 17:13:11.671 parsl.providers.azure.azure:303 [INFO]  
List VMs in resource group
2019-07-07 17:13:12.300 parsl.dataflow.strategy:204 [DEBUG]  Executor HighThroughputExecutor has 1 active tasks, 1/0/0 running/submitted/pending blocks, and 0 connected workers
2019-07-07 17:13:16.676 parsl.providers.azure.azure:303 [INFO]  
List VMs in resource group
2019-07-07 17:13:23.447 parsl.dataflow.strategy:204 [DEBUG]  Executor HighThroughputExecutor has 1 active tasks, 1/0/0 running/submitted/pending blocks, and 0 connected workers
2019-07-07 17:13:23.448 parsl.providers.azure.azure:303 [INFO]  
List VMs in resource group
2019-07-07 17:13:24.095 parsl.dataflow.strategy:204 [DEBUG]  Executor HighThroughputExecutor has 1 active tasks, 1/0/0 running/submitted/pending blocks, and 0 connected workers
2019-07-07 17:13:28.451 parsl.providers.azure.azure:303 [INFO]  
List VMs in resource group
2019-07-07 17:13:28.833 parsl.dataflow.strategy:204 [DEBUG]  Executor HighThroughputExecutor has 1 active tasks, 1/0/0 running/submitted/pending blocks, and 0 connected workers
2019-07-07 17:13:33.453 parsl.providers.azure.azure:303 [INFO]  
List VMs in resource group
2019-07-07 17:13:34.154 parsl.dataflow.strategy:204 [DEBUG]  Executor HighThroughputExecutor has 1 active tasks, 1/0/0 running/submitted/pending blocks, and 0 connected workers
2019-07-07 17:13:38.455 parsl.providers.azure.azure:303 [INFO]  
List VMs in resource group
2019-07-07 17:13:39.437 parsl.dataflow.strategy:204 [DEBUG]  Executor HighThroughputExecutor has 1 active tasks, 1/0/0 running/submitted/pending blocks, and 0 connected workers
2019-07-07 17:13:40.486 parsl.dataflow.dflow:831 [INFO]  DFK cleanup initiated
2019-07-07 17:13:40.486 parsl.dataflow.dflow:740 [INFO]  Summary of tasks in DFK:
2019-07-07 17:13:40.486 parsl.dataflow.dflow:771 [INFO]  Tasks in state States.launched: 0
2019-07-07 17:13:40.486 parsl.dataflow.dflow:778 [INFO]  End of summary
2019-07-07 17:13:40.486 parsl.dataflow.dflow:855 [INFO]  Terminating flow_control and strategy threads
2019-07-07 17:13:40.487 parsl.providers.azure.azure:335 [DEBUG]  
Delete VM parsl.auto.1562537265.4042912
