2019-07-07 16:52:48.228 parsl.dataflow.dflow:80 [DEBUG]  Starting DataFlowKernel with config
Config(
    app_cache=True, 
    checkpoint_files=None, 
    checkpoint_mode=None, 
    checkpoint_period=None, 
    data_management_max_threads=10, 
    executors=[HighThroughputExecutor(
        address='127.0.0.1', 
        cores_per_worker=1.0, 
        heartbeat_period=30, 
        heartbeat_threshold=120, 
        interchange_port_range=(55000, 56000), 
        label='HighThroughputExecutor', 
        launch_cmd='process_worker_pool.py {debug} {max_workers} -p {prefetch_capacity} -c {cores_per_worker} -m {mem_per_worker} --poll {poll_period} --task_url={task_url} --result_url={result_url} --logdir={logdir} --block_id={{block_id}} --hb_period={heartbeat_period} --hb_threshold={heartbeat_threshold} ', 
        managed=True, 
        max_workers=inf, 
        mem_per_worker=None, 
        poll_period=10, 
        prefetch_capacity=0, 
        provider=AzureProvider(
            group_name='parsl.auto', 
            init_blocks=1, 
            key_file='azure_keys.json', 
            key_name=None, 
            launcher=SingleNodeLauncher(), 
            linger=False, 
            location='westus', 
            max_blocks=10, 
            min_blocks=0, 
            nodes_per_block=1, 
            parallelism=1, 
            vm_reference={'publisher': 'Canonical', 'offer': 'UbuntuServer', 'sku': '16.04.0-LTS', 'version': 'latest', 'vm_size': 'Standard_DS1_v2', 'disk_size_gb': 10, 'admin_username': 'parsl.auto.admin', 'password': '@@86*worth*TRUST*problem*69@@'}, 
            vnet_name='parsl.auto', 
            walltime='01:00:00', 
            worker_init=''
        ), 
        storage_access=[], 
        suppress_failure=False, 
        worker_debug=False, 
        worker_logdir_root=None, 
        worker_port_range=(54000, 55000), 
        worker_ports=None, 
        working_dir=None
    )], 
    lazy_errors=True, 
    monitoring=None, 
    retries=0, 
    run_dir='runinfo', 
    strategy='simple', 
    usage_tracking=False
)
2019-07-07 16:52:48.228 parsl.dataflow.dflow:81 [INFO]  Parsl version: 0.8.0
2019-07-07 16:52:48.228 parsl.dataflow.usage_tracking.usage:126 [DEBUG]  Tracking status: False
2019-07-07 16:52:48.229 parsl.dataflow.usage_tracking.usage:127 [DEBUG]  Testing mode   : False
2019-07-07 16:52:48.229 parsl.dataflow.dflow:107 [INFO]  Run id is: 98d00a0f-794c-4650-a90d-91a040485fe4
2019-07-07 16:52:48.404 parsl.dataflow.memoization:52 [INFO]  App caching initialized
2019-07-07 16:52:48.405 parsl.executors.high_throughput.executor:434 [DEBUG]  Starting queue management thread
2019-07-07 16:52:48.405 parsl.executors.high_throughput.executor:309 [DEBUG]  [MTHREAD] queue management worker starting
2019-07-07 16:52:48.405 parsl.executors.high_throughput.executor:438 [DEBUG]  Started queue management thread
2019-07-07 16:52:48.431 parsl.executors.high_throughput.executor:268 [DEBUG]  Created management thread: <Thread(Thread-1, started daemon 123145531199488)>
2019-07-07 16:52:48.432 parsl.executors.high_throughput.executor:242 [DEBUG]  Launch command: process_worker_pool.py   -p 0 -c 1.0 -m None --poll 10 --task_url=tcp://127.0.0.1:54347 --result_url=tcp://127.0.0.1:54761 --logdir=/Users/ben/Desktop/parsl-azure-provider/runinfo/000/HighThroughputExecutor --block_id={block_id} --hb_period=30 --hb_threshold=120 
2019-07-07 16:52:48.432 parsl.executors.high_throughput.executor:245 [DEBUG]  Starting HighThroughputExecutor with provider:
AzureProvider(
    group_name='parsl.auto', 
    init_blocks=1, 
    key_file='azure_keys.json', 
    key_name=None, 
    launcher=SingleNodeLauncher(), 
    linger=False, 
    location='westus', 
    max_blocks=10, 
    min_blocks=0, 
    nodes_per_block=1, 
    parallelism=1, 
    vm_reference={'publisher': 'Canonical', 'offer': 'UbuntuServer', 'sku': '16.04.0-LTS', 'version': 'latest', 'vm_size': 'Standard_DS1_v2', 'disk_size_gb': 10, 'admin_username': 'parsl.auto.admin', 'password': '@@86*worth*TRUST*problem*69@@'}, 
    vnet_name='parsl.auto', 
    walltime='01:00:00', 
    worker_init=''
)
2019-07-07 16:52:49.667 parsl.providers.azure.azure:229 [INFO]  
Creating NIC
2019-07-07 16:52:49.667 parsl.providers.azure.azure:373 [INFO]  
Creating (or updating) Vnet
2019-07-07 16:52:50.220 parsl.providers.azure.azure:386 [INFO]  Found Existing Vnet. Proceeding.
2019-07-07 16:52:50.220 parsl.providers.azure.azure:393 [INFO]  
Creating (or updating) Subnet
2019-07-07 16:52:50.897 parsl.providers.azure.azure:409 [INFO]  Found Existing Subnet. Proceeding.
2019-07-07 16:52:50.897 parsl.providers.azure.azure:412 [INFO]  
Creating (or updating) NIC
2019-07-07 16:53:23.224 parsl.providers.azure.azure:240 [INFO]  
Creating Linux Virtual Machine
2019-07-07 16:54:38.043 parsl.providers.azure.azure:481 [INFO]  
Create (empty) managed Data Disk
2019-07-07 16:55:11.004 parsl.providers.azure.azure:257 [DEBUG]  Started instance_id: /subscriptions/2232146b-0836-4a1e-89eb-dc32054d9a03/resourceGroups/parsl.auto/providers/Microsoft.Compute/virtualMachines/parsl.auto.1562536403.224834
2019-07-07 16:55:54.729 parsl.executors.high_throughput.executor:551 [DEBUG]  Launched block 0->parsl.auto.1562536403.224834
2019-07-07 16:55:54.730 parsl.dataflow.strategy:125 [DEBUG]  Scaling strategy: simple
2019-07-07 16:55:54.731 parsl.dataflow.dflow:694 [INFO]  Task 0 submitted for App double, waiting on tasks []
2019-07-07 16:55:54.731 parsl.dataflow.dflow:704 [DEBUG]  Task 0 set to pending state with AppFuture: <AppFuture super=<AppFuture at 0x10c84e748 state=pending> parent=None>
2019-07-07 16:55:54.732 parsl.executors.high_throughput.executor:518 [DEBUG]  Pushing function <function double at 0x10a9ec9d8> to queue with args (10,)
2019-07-07 16:55:54.784 parsl.dataflow.dflow:470 [INFO]  Task 0 launched on executor HighThroughputExecutor
2019-07-07 16:55:55.732 parsl.providers.azure.azure:303 [INFO]  
List VMs in resource group
2019-07-07 16:55:56.131 parsl.dataflow.strategy:204 [DEBUG]  Executor HighThroughputExecutor has 1 active tasks, 1/0/0 running/submitted/pending blocks, and 0 connected workers
2019-07-07 16:56:00.737 parsl.providers.azure.azure:303 [INFO]  
List VMs in resource group
2019-07-07 16:56:01.452 parsl.dataflow.strategy:204 [DEBUG]  Executor HighThroughputExecutor has 1 active tasks, 1/0/0 running/submitted/pending blocks, and 0 connected workers
2019-07-07 16:56:05.740 parsl.providers.azure.azure:303 [INFO]  
List VMs in resource group
2019-07-07 16:56:06.100 parsl.dataflow.strategy:204 [DEBUG]  Executor HighThroughputExecutor has 1 active tasks, 1/0/0 running/submitted/pending blocks, and 0 connected workers
2019-07-07 16:56:08.021 parsl.dataflow.dflow:831 [INFO]  DFK cleanup initiated
2019-07-07 16:56:08.021 parsl.dataflow.dflow:740 [INFO]  Summary of tasks in DFK:
2019-07-07 16:56:08.021 parsl.dataflow.dflow:771 [INFO]  Tasks in state States.launched: 0
2019-07-07 16:56:08.022 parsl.dataflow.dflow:778 [INFO]  End of summary
2019-07-07 16:56:08.022 parsl.dataflow.dflow:855 [INFO]  Terminating flow_control and strategy threads
2019-07-07 16:56:08.022 parsl.providers.azure.azure:335 [DEBUG]  
Delete VM parsl.auto.1562536403.224834
