2019-07-08 20:35:24.368 parsl.dataflow.dflow:80 [DEBUG]  Starting DataFlowKernel with config
Config(
    app_cache=True, 
    checkpoint_files=None, 
    checkpoint_mode=None, 
    checkpoint_period=None, 
    data_management_max_threads=10, 
    executors=[HighThroughputExecutor(
        address='127.0.0.1', 
        cores_per_worker=1.0, 
        heartbeat_period=30, 
        heartbeat_threshold=120, 
        interchange_port_range=(55000, 56000), 
        label='HighThroughputExecutor', 
        launch_cmd='process_worker_pool.py {debug} {max_workers} -p {prefetch_capacity} -c {cores_per_worker} -m {mem_per_worker} --poll {poll_period} --task_url={task_url} --result_url={result_url} --logdir={logdir} --block_id={{block_id}} --hb_period={heartbeat_period} --hb_threshold={heartbeat_threshold} ', 
        managed=True, 
        max_workers=inf, 
        mem_per_worker=None, 
        poll_period=10, 
        prefetch_capacity=0, 
        provider=AzureProvider(
            group_name='parsl.auto', 
            init_blocks=1, 
            key_file='azure_keys.json', 
            key_name=None, 
            launcher=SingleNodeLauncher(), 
            linger=False, 
            location='westus', 
            max_blocks=10, 
            min_blocks=0, 
            nodes_per_block=1, 
            parallelism=1, 
            vm_reference={'publisher': 'Canonical', 'offer': 'UbuntuServer', 'sku': '16.04.0-LTS', 'version': 'latest', 'vm_size': 'Standard_DS1_v2', 'disk_size_gb': 10, 'admin_username': 'parsl.auto.admin', 'password': '@@86*worth*TRUST*problem*69@@'}, 
            vnet_name='parsl.auto', 
            walltime='01:00:00', 
            worker_init=''
        ), 
        storage_access=[], 
        suppress_failure=False, 
        worker_debug=False, 
        worker_logdir_root=None, 
        worker_port_range=(54000, 55000), 
        worker_ports=None, 
        working_dir=None
    )], 
    lazy_errors=True, 
    monitoring=None, 
    retries=0, 
    run_dir='runinfo', 
    strategy='simple', 
    usage_tracking=False
)
2019-07-08 20:35:24.368 parsl.dataflow.dflow:81 [INFO]  Parsl version: 0.8.0
2019-07-08 20:35:24.368 parsl.dataflow.usage_tracking.usage:126 [DEBUG]  Tracking status: False
2019-07-08 20:35:24.369 parsl.dataflow.usage_tracking.usage:127 [DEBUG]  Testing mode   : False
2019-07-08 20:35:24.369 parsl.dataflow.dflow:107 [INFO]  Run id is: e051dd6a-e28b-43b0-a06e-4cc860f4d601
2019-07-08 20:35:24.544 parsl.dataflow.memoization:52 [INFO]  App caching initialized
2019-07-08 20:35:24.545 parsl.executors.high_throughput.executor:434 [DEBUG]  Starting queue management thread
2019-07-08 20:35:24.545 parsl.executors.high_throughput.executor:309 [DEBUG]  [MTHREAD] queue management worker starting
2019-07-08 20:35:24.545 parsl.executors.high_throughput.executor:438 [DEBUG]  Started queue management thread
2019-07-08 20:35:24.569 parsl.executors.high_throughput.executor:268 [DEBUG]  Created management thread: <Thread(Thread-1, started daemon 123145579323392)>
2019-07-08 20:35:24.570 parsl.executors.high_throughput.executor:242 [DEBUG]  Launch command: process_worker_pool.py   -p 0 -c 1.0 -m None --poll 10 --task_url=tcp://127.0.0.1:54201 --result_url=tcp://127.0.0.1:54630 --logdir=/Users/ben/Desktop/parsl-azure-provider/runinfo/002/HighThroughputExecutor --block_id={block_id} --hb_period=30 --hb_threshold=120 
2019-07-08 20:35:24.570 parsl.executors.high_throughput.executor:245 [DEBUG]  Starting HighThroughputExecutor with provider:
AzureProvider(
    group_name='parsl.auto', 
    init_blocks=1, 
    key_file='azure_keys.json', 
    key_name=None, 
    launcher=SingleNodeLauncher(), 
    linger=False, 
    location='westus', 
    max_blocks=10, 
    min_blocks=0, 
    nodes_per_block=1, 
    parallelism=1, 
    vm_reference={'publisher': 'Canonical', 'offer': 'UbuntuServer', 'sku': '16.04.0-LTS', 'version': 'latest', 'vm_size': 'Standard_DS1_v2', 'disk_size_gb': 10, 'admin_username': 'parsl.auto.admin', 'password': '@@86*worth*TRUST*problem*69@@'}, 
    vnet_name='parsl.auto', 
    walltime='01:00:00', 
    worker_init=''
)
2019-07-08 20:35:25.923 parsl.providers.azure.azure:229 [INFO]  
Creating NIC
2019-07-08 20:35:25.923 parsl.providers.azure.azure:373 [INFO]  
Creating (or updating) Vnet
2019-07-08 20:35:26.653 parsl.providers.azure.azure:386 [INFO]  Found Existing Vnet. Proceeding.
2019-07-08 20:35:26.653 parsl.providers.azure.azure:393 [INFO]  
Creating (or updating) Subnet
2019-07-08 20:35:27.181 parsl.providers.azure.azure:406 [INFO]  Found Existing Subnet. Proceeding.
2019-07-08 20:35:27.181 parsl.providers.azure.azure:409 [INFO]  
Creating (or updating) NIC
