2019-07-08 21:33:02.823 parsl.dataflow.dflow:80 [DEBUG]  Starting DataFlowKernel with config
Config(
    app_cache=True, 
    checkpoint_files=None, 
    checkpoint_mode=None, 
    checkpoint_period=None, 
    data_management_max_threads=10, 
    executors=[IPyParallelExecutor(
        container_image=None, 
        controller=Controller(
            interfaces=None, 
            ipython_dir='~/.ipython', 
            log=True, 
            mode='auto', 
            port=None, 
            port_range=None, 
            profile='default', 
            public_ip=None, 
            reuse=False
        ), 
        engine_debug_level=None, 
        engine_dir=None, 
        label='ipp', 
        managed=True, 
        provider=AzureProvider(
            group_name='parsl.auto', 
            init_blocks=1, 
            key_file='azure_keys.json', 
            key_name=None, 
            launcher=SingleNodeLauncher(), 
            linger=False, 
            location='westus', 
            max_blocks=10, 
            min_blocks=0, 
            parallelism=1, 
            vm_reference={'publisher': 'Canonical', 'offer': 'UbuntuServer', 'sku': '16.04.0-LTS', 'version': 'latest', 'vm_size': 'Standard_DS1_v2', 'disk_size_gb': 10, 'admin_username': 'parsl.auto.admin', 'password': '@@86*worth*TRUST*problem*69@@'}, 
            vnet_name='parsl.auto', 
            worker_init=''
        ), 
        storage_access=[], 
        workers_per_node=1, 
        working_dir=None
    )], 
    lazy_errors=True, 
    monitoring=None, 
    retries=0, 
    run_dir='runinfo', 
    strategy='simple', 
    usage_tracking=False
)
2019-07-08 21:33:02.824 parsl.dataflow.dflow:81 [INFO]  Parsl version: 0.8.0
2019-07-08 21:33:02.824 parsl.dataflow.usage_tracking.usage:126 [DEBUG]  Tracking status: False
2019-07-08 21:33:02.824 parsl.dataflow.usage_tracking.usage:127 [DEBUG]  Testing mode   : False
2019-07-08 21:33:02.824 parsl.dataflow.dflow:107 [INFO]  Run id is: 256b371c-90fe-41c9-8e83-13dea0a71b82
2019-07-08 21:33:03.030 parsl.dataflow.memoization:52 [INFO]  App caching initialized
2019-07-08 21:33:03.030 parsl.executors.ipp_controller:99 [DEBUG]  Starting ipcontroller with 'ipcontroller --ipython-dir=/Users/ben/Desktop/parsl-azure-provider/runinfo/015 --ip=* --profile=ipp   '
2019-07-08 21:33:04.241 parsl.executors.ipp:107 [DEBUG]  Waiting for /Users/ben/Desktop/parsl-azure-provider/runinfo/015/profile_ipp/security/ipcontroller-client.json
2019-07-08 21:33:04.275 parsl.executors.ipp:123 [DEBUG]  Starting IPyParallelExecutor with provider:
AzureProvider(
    group_name='parsl.auto', 
    init_blocks=1, 
    key_file='azure_keys.json', 
    key_name=None, 
    launcher=SingleNodeLauncher(), 
    linger=False, 
    location='westus', 
    max_blocks=10, 
    min_blocks=0, 
    parallelism=1, 
    vm_reference={'publisher': 'Canonical', 'offer': 'UbuntuServer', 'sku': '16.04.0-LTS', 'version': 'latest', 'vm_size': 'Standard_DS1_v2', 'disk_size_gb': 10, 'admin_username': 'parsl.auto.admin', 'password': '@@86*worth*TRUST*problem*69@@'}, 
    vnet_name='parsl.auto', 
    worker_init=''
)
2019-07-08 21:33:05.590 parsl.providers.azure.azure:218 [INFO]  Creating NIC
2019-07-08 21:33:05.590 parsl.providers.azure.azure:374 [INFO]  Creating (or updating) Vnet
2019-07-08 21:33:06.285 parsl.providers.azure.azure:389 [INFO]  Found Existing Vnet. Proceeding.
2019-07-08 21:33:06.285 parsl.providers.azure.azure:397 [INFO]  Creating (or updating) Subnet
2019-07-08 21:33:06.774 parsl.providers.azure.azure:410 [INFO]  Found Existing Subnet. Proceeding.
2019-07-08 21:33:06.774 parsl.providers.azure.azure:414 [INFO]  Creating (or updating) NIC
2019-07-08 21:33:38.802 parsl.providers.azure.azure:228 [INFO]  Creating Linux Virtual Machine
2019-07-08 21:34:21.078 parsl.providers.azure.azure:471 [INFO]  Create (empty) managed Data Disk
2019-07-08 21:34:52.372 parsl.providers.azure.azure:244 [DEBUG]  Started instance_id: /subscriptions/2232146b-0836-4a1e-89eb-dc32054d9a03/resourceGroups/parsl.auto/providers/Microsoft.Compute/virtualMachines/parsl.auto.1562639618.802803
2019-07-08 21:35:34.769 parsl.providers.azure.azure:276 [DEBUG]  attempting to connect instance to Parsl master
2019-07-08 21:36:05.695 parsl.providers.azure.azure:286 [ERROR]  Enable succeeded: 
[stdout]
Found cores : 1
Launching worker: 1
All workers done

[stderr]

2019-07-08 21:36:05.696 parsl.executors.ipp:242 [DEBUG]  Launched block 0:parsl.auto.1562639618.802803
2019-07-08 21:36:05.696 parsl.executors.ipp:249 [ERROR]  No execution provider available
2019-07-08 21:36:05.696 parsl.executors.ipp:132 [DEBUG]  Starting executor
2019-07-08 21:36:05.697 parsl.dataflow.strategy:125 [DEBUG]  Scaling strategy: simple
2019-07-08 21:36:05.698 parsl.dataflow.dflow:694 [INFO]  Task 0 submitted for App double, waiting on tasks []
2019-07-08 21:36:05.698 parsl.dataflow.dflow:704 [DEBUG]  Task 0 set to pending state with AppFuture: <AppFuture super=<AppFuture at 0x1083eef60 state=pending> parent=None>
2019-07-08 21:36:05.747 parsl.dataflow.dflow:470 [INFO]  Task 0 launched on executor ipp
2019-07-08 21:36:06.702 parsl.providers.azure.azure:304 [INFO]  List VMs in resource group
2019-07-08 21:36:57.316 parsl.dataflow.dflow:831 [INFO]  DFK cleanup initiated
2019-07-08 21:36:57.316 parsl.dataflow.dflow:740 [INFO]  Summary of tasks in DFK:
2019-07-08 21:36:57.317 parsl.dataflow.dflow:771 [INFO]  Tasks in state States.launched: 0
2019-07-08 21:36:57.317 parsl.dataflow.dflow:778 [INFO]  End of summary
2019-07-08 21:36:57.317 parsl.dataflow.dflow:855 [INFO]  Terminating flow_control and strategy threads
2019-07-08 21:36:57.317 parsl.providers.azure.azure:304 [INFO]  List VMs in resource group
2019-07-08 21:36:57.574 parsl.providers.azure.azure:336 [DEBUG]  Delete VM parsl.auto.1562639618.802803
