2019-07-08 21:27:24.916 parsl.dataflow.dflow:80 [DEBUG]  Starting DataFlowKernel with config
Config(
    app_cache=True, 
    checkpoint_files=None, 
    checkpoint_mode=None, 
    checkpoint_period=None, 
    data_management_max_threads=10, 
    executors=[IPyParallelExecutor(
        container_image=None, 
        controller=Controller(
            interfaces=None, 
            ipython_dir='~/.ipython', 
            log=True, 
            mode='auto', 
            port=None, 
            port_range=None, 
            profile='default', 
            public_ip=None, 
            reuse=False
        ), 
        engine_debug_level=None, 
        engine_dir=None, 
        label='ipp', 
        managed=True, 
        provider=AzureProvider(
            group_name='parsl.auto', 
            init_blocks=1, 
            key_file='azure_keys.json', 
            key_name=None, 
            launcher=SingleNodeLauncher(), 
            linger=False, 
            location='westus', 
            max_blocks=10, 
            min_blocks=0, 
            parallelism=1, 
            vm_reference={'publisher': 'Canonical', 'offer': 'UbuntuServer', 'sku': '16.04.0-LTS', 'version': 'latest', 'vm_size': 'Standard_DS1_v2', 'disk_size_gb': 10, 'admin_username': 'parsl.auto.admin', 'password': '@@86*worth*TRUST*problem*69@@'}, 
            vnet_name='parsl.auto', 
            worker_init=''
        ), 
        storage_access=[], 
        workers_per_node=1, 
        working_dir=None
    )], 
    lazy_errors=True, 
    monitoring=None, 
    retries=0, 
    run_dir='runinfo', 
    strategy='simple', 
    usage_tracking=False
)
2019-07-08 21:27:24.916 parsl.dataflow.dflow:81 [INFO]  Parsl version: 0.8.0
2019-07-08 21:27:24.917 parsl.dataflow.usage_tracking.usage:126 [DEBUG]  Tracking status: False
2019-07-08 21:27:24.917 parsl.dataflow.usage_tracking.usage:127 [DEBUG]  Testing mode   : False
2019-07-08 21:27:24.917 parsl.dataflow.dflow:107 [INFO]  Run id is: 8d75a9b6-f668-4600-baf5-e01deda9c1c8
2019-07-08 21:27:25.078 parsl.dataflow.memoization:52 [INFO]  App caching initialized
2019-07-08 21:27:25.079 parsl.executors.ipp_controller:99 [DEBUG]  Starting ipcontroller with 'ipcontroller --ipython-dir=/Users/ben/Desktop/parsl-azure-provider/runinfo/010 --ip=* --profile=ipp   '
2019-07-08 21:27:26.286 parsl.executors.ipp:107 [DEBUG]  Waiting for /Users/ben/Desktop/parsl-azure-provider/runinfo/010/profile_ipp/security/ipcontroller-client.json
2019-07-08 21:27:26.319 parsl.executors.ipp:123 [DEBUG]  Starting IPyParallelExecutor with provider:
AzureProvider(
    group_name='parsl.auto', 
    init_blocks=1, 
    key_file='azure_keys.json', 
    key_name=None, 
    launcher=SingleNodeLauncher(), 
    linger=False, 
    location='westus', 
    max_blocks=10, 
    min_blocks=0, 
    parallelism=1, 
    vm_reference={'publisher': 'Canonical', 'offer': 'UbuntuServer', 'sku': '16.04.0-LTS', 'version': 'latest', 'vm_size': 'Standard_DS1_v2', 'disk_size_gb': 10, 'admin_username': 'parsl.auto.admin', 'password': '@@86*worth*TRUST*problem*69@@'}, 
    vnet_name='parsl.auto', 
    worker_init=''
)
2019-07-08 21:27:27.955 parsl.providers.azure.azure:218 [INFO]  Creating NIC
2019-07-08 21:27:27.955 parsl.providers.azure.azure:375 [INFO]  Creating (or updating) Vnet
2019-07-08 21:27:28.672 parsl.providers.azure.azure:389 [INFO]  Azure Error: InUseSubnetCannotBeDeleted
Message: Subnet parsl.auto.subnet is in use by /subscriptions/2232146b-0836-4a1e-89eb-dc32054d9a03/resourceGroups/parsl.auto/providers/Microsoft.Network/networkInterfaces/parsl.auto.nic/ipConfigurations/parsl.auto.ip.config and cannot be deleted. In order to delete the subnet, delete all the resources within the subnet. See aka.ms/deletesubnet.
2019-07-08 21:27:28.673 parsl.providers.azure.azure:390 [INFO]  Found Existing Vnet. Proceeding.
2019-07-08 21:27:28.673 parsl.executors.ipp:128 [ERROR]  Scaling out failed: Azure Error: InUseSubnetCannotBeDeleted
Message: Subnet parsl.auto.subnet is in use by /subscriptions/2232146b-0836-4a1e-89eb-dc32054d9a03/resourceGroups/parsl.auto/providers/Microsoft.Network/networkInterfaces/parsl.auto.nic/ipConfigurations/parsl.auto.ip.config and cannot be deleted. In order to delete the subnet, delete all the resources within the subnet. See aka.ms/deletesubnet.
